<?xml version="1.0" encoding="UTF-8"?>
<!-- Generated by org.testng.reporters.JUnitReportReporter -->
<testsuite hostname="DESKTOP-04BK3GM" name="PrintMsg.printMsg" tests="1" failures="0" timestamp="10 Sep 2017 23:22:48 GMT" time="7.492" errors="0">
  <testcase name="printMethod" time="7.492" classname="PrintMsg.printMsg"/>
</testsuite>
